<?xml version="1.0" encoding="UTF-8" ?>
<testsuite tests="3" failures="0" name="com.propserver.java.client.TestPropManager" time="0.094" errors="0" skipped="0">
  <properties>
[...]
</properties>
  <testcase classname="com.propserver.java.client.TestPropManager" name="testInvalidKeyAbsence" time="0"/>
  <testcase classname="com.propserver.java.client.TestPropManager" name="testGetAllKeysAsJson" time="0"/>
  <testcase classname="com.propserver.java.client.TestPropManager" name="testKeyPresence" time="0"/>
</testsuite>